2025-09-04 23:30:10,861 - WARNING - 导入处理模块失败: cannot import name 'preprocess_eeg' from partially initialized module 'preprocess' (most likely due to a circular import) (E:\learn\sleep\Sleep_stick\model\preprocess.py)
2025-09-04 23:30:10,862 - WARNING - 导入处理模块失败: cannot import name 'preprocess_eeg' from 'preprocess' (E:\learn\sleep\Sleep_stick\model\preprocess.py)
2025-09-04 23:30:10,864 - INFO - TCP服务器启动成功，监听地址: 127.0.0.1:8888
2025-09-04 23:31:49,631 - INFO - 客户端连接: ('127.0.0.1', 62247)
2025-09-04 23:32:25,455 - INFO - 接收到事件通知: 类型=51, 文件=D://SubEEG//grr.mat
2025-09-04 23:32:25,456 - INFO - *** 事件51: 开始数据接收 ***
2025-09-04 23:33:55,475 - INFO - 接收到事件通知: 类型=54, 文件=D://SubEEG//grr.mat
2025-09-04 23:33:55,475 - INFO - *** 事件54: 停止数据接收，开始后台处理 ***
2025-09-04 23:33:55,475 - INFO - 开始处理文件: grr
2025-09-04 23:33:55,476 - INFO - 步骤1: 预处理EEG数据
2025-09-04 23:33:55,476 - ERROR - 事件54处理错误: name 'preprocess_eeg' is not defined
2025-09-04 23:35:14,556 - INFO - TCP服务器启动成功，监听地址: 127.0.0.1:8888
2025-09-04 23:35:27,818 - INFO - 客户端连接已关闭
2025-09-04 23:36:57,537 - INFO - 客户端连接: ('127.0.0.1', 62739)
2025-09-04 23:37:51,916 - INFO - 接收到事件通知: 类型=51, 文件=D://SubEEG//grr.mat
2025-09-04 23:37:51,916 - INFO - *** 事件51: 开始数据接收 ***
2025-09-04 23:38:19,709 - INFO - TCP服务器启动成功，监听地址: 127.0.0.1:8888
2025-09-04 23:39:17,977 - INFO - 客户端连接: ('127.0.0.1', 62943)
2025-09-04 23:39:41,898 - INFO - 接收到事件通知: 类型=51, 文件=D://SubEEG//grr.mat
2025-09-04 23:39:41,898 - INFO - *** 事件51: 开始数据接收 ***
2025-09-04 23:41:11,907 - INFO - 接收到事件通知: 类型=54, 文件=D://SubEEG//grr.mat
2025-09-04 23:41:11,907 - INFO - *** 事件54: 停止数据接收，开始后台处理 ***
2025-09-04 23:41:11,908 - INFO - 开始处理文件: grr
2025-09-04 23:41:11,908 - INFO - 步骤1: 预处理EEG数据
2025-09-04 23:41:11,912 - ERROR - 事件54处理错误: len(data) (2) does not match len(info["ch_names"]) (0)
2025-09-04 23:41:58,347 - INFO - 客户端连接已关闭
2025-09-04 23:42:17,102 - INFO - TCP服务器启动成功，监听地址: 127.0.0.1:8888
2025-09-04 23:43:04,579 - INFO - 客户端连接: ('127.0.0.1', 63295)
2025-09-04 23:43:33,624 - INFO - 接收到事件通知: 类型=51, 文件=D://SubEEG//grr.mat
2025-09-04 23:43:33,624 - INFO - *** 事件51: 开始数据接收 ***
2025-09-04 23:45:03,655 - INFO - 接收到事件通知: 类型=54, 文件=D://SubEEG//grr.mat
2025-09-04 23:45:03,655 - INFO - *** 事件54: 停止数据接收，开始后台处理 ***
2025-09-04 23:45:03,656 - INFO - 开始处理文件: grr
2025-09-04 23:45:03,656 - INFO - 步骤1: 预处理EEG数据
2025-09-04 23:45:03,658 - ERROR - 事件54处理错误: index 4 is out of bounds for axis 0 with size 4
2025-09-04 23:46:44,155 - INFO - 客户端连接已关闭
2025-09-04 23:50:11,561 - INFO - TCP服务器启动成功，监听地址: 127.0.0.1:8888
2025-09-04 23:51:03,547 - INFO - 客户端连接: ('127.0.0.1', 64498)
2025-09-04 23:52:00,692 - INFO - 接收到事件通知: 类型=51, 文件=D://SubEEG//grr.mat
2025-09-04 23:52:00,693 - INFO - *** 事件51: 开始数据接收 ***
2025-09-04 23:53:30,711 - INFO - 接收到事件通知: 类型=54, 文件=D://SubEEG//grr.mat
2025-09-04 23:53:30,711 - INFO - *** 事件54: 停止数据接收，开始后台处理 ***
2025-09-04 23:53:30,712 - INFO - [线程39556] 开始处理文件: grr
2025-09-04 23:53:30,712 - INFO - 事件54后台处理线程已启动: Event54-0
2025-09-04 23:53:30,712 - INFO - [线程39556] 步骤1: 预处理EEG数据
2025-09-04 23:53:30,719 - ERROR - [线程39556] 步骤1失败 - EEG预处理错误: index 4 is out of bounds for axis 0 with size 4
2025-09-05 00:04:51,551 - INFO - [线程14548] 客户端连接已关闭
2025-09-05 00:08:17,166 - INFO - TCP服务器启动成功，监听地址: 127.0.0.1:8888
2025-09-05 00:10:05,974 - INFO - 客户端连接: ('127.0.0.1', 49193)
2025-09-05 00:10:29,755 - INFO - 接收到事件通知: 类型=51, 文件=D://SubEEG//grr.mat
2025-09-05 00:10:29,756 - INFO - *** 事件51: 开始数据接收 ***
2025-09-05 00:11:59,768 - INFO - 接收到事件通知: 类型=54, 文件=D://SubEEG//grr.mat
2025-09-05 00:11:59,768 - INFO - *** 事件54: 停止数据接收，开始后台处理 ***
2025-09-05 00:11:59,768 - INFO - [线程46704] 开始处理文件: grr
2025-09-05 00:11:59,768 - INFO - 事件54后台处理线程已启动: Event54-0
2025-09-05 00:11:59,769 - INFO - [线程46704] 步骤1: 预处理EEG数据
2025-09-05 00:11:59,771 - ERROR - [线程46704] 步骤1失败 - EEG预处理错误: index 4 is out of bounds for axis 0 with size 4
2025-09-05 00:19:08,389 - INFO - [线程62348] 客户端连接已关闭
2025-09-05 00:30:54,142 - INFO - TCP服务器启动成功，监听地址: 127.0.0.1:8888
2025-09-05 00:32:19,239 - INFO - 客户端连接: ('127.0.0.1', 50515)
2025-09-05 00:32:44,175 - INFO - 接收到事件通知: 类型=51, 文件=D://SubEEG//grrr.mat
2025-09-05 00:32:44,175 - INFO - *** 事件51: 开始数据接收 ***
2025-09-05 00:34:14,175 - INFO - 接收到事件通知: 类型=54, 文件=D://SubEEG//grrr.mat
2025-09-05 00:34:14,175 - INFO - *** 事件54: 停止数据接收，开始后台处理 ***
2025-09-05 00:34:14,175 - INFO - [线程33180] 开始处理文件: grrr
2025-09-05 00:34:14,176 - INFO - 事件54后台处理线程已启动: Event54-0
2025-09-05 00:34:14,176 - INFO - [线程33180] 步骤1: 预处理EEG数据
2025-09-05 00:34:14,323 - INFO - [线程33180] 步骤1完成: EEG预处理
2025-09-05 00:34:14,323 - INFO - [线程33180] 步骤2: 转换为numpy格式
2025-09-05 00:34:14,325 - INFO - [线程33180] 步骤2完成: numpy转换
2025-09-05 00:34:14,325 - INFO - [线程33180] 步骤3: 训练模型
2025-09-05 00:34:56,680 - INFO - [线程33180] 步骤3完成: 模型训练
2025-09-05 00:35:49,506 - INFO - 接收到事件通知: 类型=51, 文件=D://SubEEG//grrr.mat
2025-09-05 00:35:49,506 - INFO - *** 事件51: 开始数据接收 ***
2025-09-05 00:53:16,757 - INFO - TCP服务器启动成功，监听地址: 127.0.0.1:8888
2025-09-05 00:54:41,078 - INFO - 客户端连接: ('127.0.0.1', 51920)
2025-09-05 00:55:06,329 - INFO - 接收到事件通知: 类型=51, 文件=D://SubEEG//grr.mat
2025-09-05 00:55:06,329 - INFO - *** 事件51: 开始数据接收 ***
2025-09-05 00:56:36,364 - INFO - 接收到事件通知: 类型=54, 文件=D://SubEEG//grr.mat
2025-09-05 00:56:36,364 - INFO - *** 事件54: 停止数据接收，开始后台处理 ***
2025-09-05 00:56:36,365 - INFO - [线程28972] 开始处理文件: grr
2025-09-05 00:56:36,365 - INFO - 事件54后台处理线程已启动: Event54-0
2025-09-05 00:56:36,365 - INFO - [线程28972] 步骤1: 预处理EEG数据
2025-09-05 00:56:36,495 - INFO - [线程28972] 步骤1完成: EEG预处理
2025-09-05 00:56:36,495 - INFO - [线程28972] 步骤2: 转换为numpy格式
2025-09-05 00:56:36,498 - INFO - [线程28972] 步骤2完成: numpy转换
2025-09-05 00:56:36,498 - INFO - [线程28972] 步骤3: 训练模型
2025-09-05 00:57:18,615 - INFO - [线程28972] 步骤3完成: 模型训练
